Start testing: Jul 15 05:21 CDT
----------------------------------------------------------
1/11 Testing: testHepMC.sh
1/11 Test: testHepMC.sh
Command: "/home/aevans/CMS/phistar/generation/HepMC-2.06.09_build/test/testHepMC.sh"
Directory: /home/aevans/CMS/phistar/generation/HepMC-2.06.09_build/test
"testHepMC.sh" start time: Jul 15 05:21 CDT
Output:
----------------------------------------------------------
testHepMC: the HeavyIon and PdfInfo input stream errors are intentional
PdfInfo input stream invalid line type: F1
HeavyIon input stream invalid line type: HepMC::IO_GenEvent-END_EVENT_LISTING
<end of output>
Test time =   1.67 sec
----------------------------------------------------------
Test Passed.
"testHepMC.sh" end time: Jul 15 05:21 CDT
"testHepMC.sh" time elapsed: 00:00:01
----------------------------------------------------------

2/11 Testing: testStreamIO.sh
2/11 Test: testStreamIO.sh
Command: "/home/aevans/CMS/phistar/generation/HepMC-2.06.09_build/test/testStreamIO.sh"
Directory: /home/aevans/CMS/phistar/generation/HepMC-2.06.09_build/test
"testStreamIO.sh" start time: Jul 15 05:21 CDT
Output:
----------------------------------------------------------
PdfInfo input stream invalid line type: F1
HeavyIon input stream invalid line type: HepMC::IO_GenEvent-END_EVENT_LISTING
testSteamIO: the HeavyIon and PdfInfo input stream errors are intentional
<end of output>
Test time =   1.39 sec
----------------------------------------------------------
Test Passed.
"testStreamIO.sh" end time: Jul 15 05:21 CDT
"testStreamIO.sh" time elapsed: 00:00:01
----------------------------------------------------------

3/11 Testing: testHepMCIteration.sh
3/11 Test: testHepMCIteration.sh
Command: "/home/aevans/CMS/phistar/generation/HepMC-2.06.09_build/test/testHepMCIteration.sh"
Directory: /home/aevans/CMS/phistar/generation/HepMC-2.06.09_build/test
"testHepMCIteration.sh" start time: Jul 15 05:21 CDT
Output:
----------------------------------------------------------
<end of output>
Test time =   0.30 sec
----------------------------------------------------------
Test Passed.
"testHepMCIteration.sh" end time: Jul 15 05:21 CDT
"testHepMCIteration.sh" time elapsed: 00:00:00
----------------------------------------------------------

4/11 Testing: testMass.sh
4/11 Test: testMass.sh
Command: "/home/aevans/CMS/phistar/generation/HepMC-2.06.09_build/test/testMass.sh"
Directory: /home/aevans/CMS/phistar/generation/HepMC-2.06.09_build/test
"testMass.sh" start time: Jul 15 05:21 CDT
Output:
----------------------------------------------------------
<end of output>
Test time =   0.38 sec
----------------------------------------------------------
Test Passed.
"testMass.sh" end time: Jul 15 05:21 CDT
"testMass.sh" time elapsed: 00:00:00
----------------------------------------------------------

5/11 Testing: testFlow.sh
5/11 Test: testFlow.sh
Command: "/home/aevans/CMS/phistar/generation/HepMC-2.06.09_build/test/testFlow.sh"
Directory: /home/aevans/CMS/phistar/generation/HepMC-2.06.09_build/test
"testFlow.sh" start time: Jul 15 05:21 CDT
Output:
----------------------------------------------------------
<end of output>
Test time =   0.07 sec
----------------------------------------------------------
Test Passed.
"testFlow.sh" end time: Jul 15 05:21 CDT
"testFlow.sh" time elapsed: 00:00:00
----------------------------------------------------------

6/11 Testing: testPrintBug.sh
6/11 Test: testPrintBug.sh
Command: "/home/aevans/CMS/phistar/generation/HepMC-2.06.09_build/test/testPrintBug.sh"
Directory: /home/aevans/CMS/phistar/generation/HepMC-2.06.09_build/test
"testPrintBug.sh" start time: Jul 15 05:21 CDT
Output:
----------------------------------------------------------
<end of output>
Test time =   0.03 sec
----------------------------------------------------------
Test Passed.
"testPrintBug.sh" end time: Jul 15 05:21 CDT
"testPrintBug.sh" time elapsed: 00:00:00
----------------------------------------------------------

7/11 Testing: testPolarization.sh
7/11 Test: testPolarization.sh
Command: "/home/aevans/CMS/phistar/generation/HepMC-2.06.09_build/test/testPolarization.sh"
Directory: /home/aevans/CMS/phistar/generation/HepMC-2.06.09_build/test
"testPolarization.sh" start time: Jul 15 05:21 CDT
Output:
----------------------------------------------------------
<end of output>
Test time =   0.05 sec
----------------------------------------------------------
Test Passed.
"testPolarization.sh" end time: Jul 15 05:21 CDT
"testPolarization.sh" time elapsed: 00:00:00
----------------------------------------------------------

8/11 Testing: testSimpleVector
8/11 Test: testSimpleVector
Command: "/home/aevans/CMS/phistar/generation/HepMC-2.06.09_build/test/testSimpleVector"
Directory: /home/aevans/CMS/phistar/generation/HepMC-2.06.09_build/test
"testSimpleVector" start time: Jul 15 05:21 CDT
Output:
----------------------------------------------------------
<end of output>
Test time =   0.01 sec
----------------------------------------------------------
Test Passed.
"testSimpleVector" end time: Jul 15 05:21 CDT
"testSimpleVector" time elapsed: 00:00:00
----------------------------------------------------------

9/11 Testing: testUnits
9/11 Test: testUnits
Command: "/home/aevans/CMS/phistar/generation/HepMC-2.06.09_build/test/testUnits"
Directory: /home/aevans/CMS/phistar/generation/HepMC-2.06.09_build/test
"testUnits" start time: Jul 15 05:21 CDT
Output:
----------------------------------------------------------
Default units: GEV MM
<end of output>
Test time =   0.01 sec
----------------------------------------------------------
Test Passed.
"testUnits" end time: Jul 15 05:21 CDT
"testUnits" time elapsed: 00:00:00
----------------------------------------------------------

10/11 Testing: testMultipleCopies
10/11 Test: testMultipleCopies
Command: "/home/aevans/CMS/phistar/generation/HepMC-2.06.09_build/test/testMultipleCopies"
Directory: /home/aevans/CMS/phistar/generation/HepMC-2.06.09_build/test
"testMultipleCopies" start time: Jul 15 05:21 CDT
Output:
----------------------------------------------------------
<end of output>
Test time =   0.20 sec
----------------------------------------------------------
Test Passed.
"testMultipleCopies" end time: Jul 15 05:21 CDT
"testMultipleCopies" time elapsed: 00:00:00
----------------------------------------------------------

11/11 Testing: testWeights
11/11 Test: testWeights
Command: "/home/aevans/CMS/phistar/generation/HepMC-2.06.09_build/test/testWeights"
Directory: /home/aevans/CMS/phistar/generation/HepMC-2.06.09_build/test
"testWeights" start time: Jul 15 05:21 CDT
Output:
----------------------------------------------------------
const WeightContainer::operator[] ERROR: string bad not found in  WeightContainer
HepMC testWeights: the above error is intentional
Weight    0 with name          0 is 0
Weight    1 with name          1 is 1.14
Weight    2 with name          2 is 2.28
Weight    3 with name          3 is 3.42
Weight    4 with name          4 is 4.56
Weight    5 with name          5 is 5.7
Weight    6 with name          6 is 6.84
Weight    7 with name          7 is 7.98
Weight    8 with name          8 is 9.12
Weight    9 with name          9 is 10.26
Weight   10 with name         10 is 11.4
Weight   11 with name         11 is 12.54
Weight   12 with name         12 is 13.68
Weight   13 with name         13 is 14.82
Weight   14 with name        tau is 3.1
Weight   15 with name     my_pdf is 11.3445
<end of output>
Test time =   0.01 sec
----------------------------------------------------------
Test Passed.
"testWeights" end time: Jul 15 05:21 CDT
"testWeights" time elapsed: 00:00:00
----------------------------------------------------------

End testing: Jul 15 05:21 CDT
